[2012-09-20 02:39:13] START
[2012-09-20 02:39:13] EDIT welcome/models/menu.py: 0
[2012-09-20 02:39:21] EDIT welcome/models/menu.py: 0
[2012-09-29 00:48:53] EDIT exemplo_validators/models/db.py: 2
[2012-09-29 00:54:28] EDIT exemplo_validators/models/db.py: 1
[2012-09-29 00:54:29] EDIT exemplo_validators/models/db.py: 0
[2012-09-29 00:54:29] EDIT exemplo_validators/models/db.py: 0
[2012-09-29 00:58:28] EDIT exemplo_validators/models/db.py: 0
[2012-09-29 00:58:46] CREATE funcionarios.py: 0
[2012-09-29 01:06:16] EDIT exemplo_validators/controllers/funcionarios.py: 7
[2012-09-30 00:49:44] EDIT exemplo_validators/controllers/funcionarios.py: 8
[2012-09-30 00:50:30] EDIT exemplo_validators/models/db.py: 0
[2012-09-30 00:50:53] CREATE funcionario/create.html: 0
[2012-09-30 00:52:30] EDIT exemplo_validators/views/funcionario/create.html: 1
[2012-09-30 00:55:29] EDIT exemplo_validators/models/db.py: 0
[2012-09-30 00:57:39] EDIT exemplo_validators/views/funcionario/create.html: 15
[2012-09-30 00:58:55] CREATE funcionario/novo.html: 0
[2012-09-30 00:59:00] EDIT exemplo_validators/views/funcionario/novo.html: 16
[2012-09-30 00:59:10] DELETE exemplo_validators/views/funcionario/create.html: -19
[2012-09-30 01:00:13] EDIT exemplo_validators/views/funcionario/novo.html: 0
[2012-09-30 01:01:47] EDIT exemplo_validators/controllers/funcionarios.py: 0
[2012-09-30 01:02:10] EDIT exemplo_validators/views/funcionario/novo.html: 0
[2012-09-30 01:02:44] EDIT exemplo_validators/views/funcionario/novo.html: 0
[2012-09-30 01:04:45] EDIT exemplo_validators/controllers/funcionarios.py: 0
[2012-09-30 01:09:49] EDIT exemplo_validators/controllers/funcionarios.py: 0
[2012-09-30 01:16:36] EDIT exemplo_validators/controllers/funcionarios.py: 4
[2012-09-30 01:16:41] EDIT exemplo_validators/controllers/funcionarios.py: 0
[2012-09-30 01:16:47] EDIT exemplo_validators/controllers/funcionarios.py: 0
[2012-09-30 01:20:11] EDIT exemplo_validators/controllers/funcionarios.py: -4
[2012-09-30 01:21:15] EDIT exemplo_validators/models/db.py: 0
[2012-09-30 01:21:19] EDIT exemplo_validators/models/db.py: 0
[2012-09-30 01:22:28] EDIT exemplo_validators/controllers/funcionarios.py: 0
[2012-09-30 01:22:43] EDIT exemplo_validators/controllers/funcionarios.py: 0
[2012-09-30 01:23:30] EDIT exemplo_validators/controllers/funcionarios.py: 0
[2012-09-30 01:24:05] EDIT exemplo_validators/controllers/funcionarios.py: 1
[2012-09-30 01:27:30] EDIT exemplo_validators/controllers/funcionarios.py: 4
[2012-09-30 01:29:14] EDIT exemplo_validators/controllers/funcionarios.py: 0
[2012-09-30 01:31:37] EDIT exemplo_validators/controllers/funcionarios.py: 0
[2012-09-30 01:32:18] EDIT exemplo_validators/controllers/funcionarios.py: 0
[2012-09-30 01:37:52] EDIT exemplo_validators/controllers/funcionarios.py: 0
[2012-09-30 01:39:51] EDIT exemplo_validators/controllers/funcionarios.py: 0
[2012-09-30 01:39:57] EDIT exemplo_validators/controllers/funcionarios.py: 0
[2012-09-30 01:41:48] EDIT exemplo_validators/controllers/funcionarios.py: -4
[2012-09-30 01:42:58] EDIT exemplo_validators/controllers/funcionarios.py: 4
[2012-09-30 01:43:24] EDIT exemplo_validators/controllers/funcionarios.py: 0
[2012-09-30 01:43:47] EDIT exemplo_validators/controllers/funcionarios.py: 0
[2012-09-30 01:45:03] EDIT exemplo_validators/controllers/funcionarios.py: 0
[2012-09-30 01:46:09] EDIT exemplo_validators/controllers/funcionarios.py: 0
[2012-09-30 01:46:19] EDIT exemplo_validators/controllers/funcionarios.py: 0
[2012-09-30 01:46:49] EDIT exemplo_validators/controllers/funcionarios.py: 0
[2012-09-30 01:48:13] EDIT exemplo_validators/controllers/funcionarios.py: 0
[2012-09-30 01:50:38] EDIT exemplo_validators/controllers/funcionarios.py: 0
[2012-09-30 01:51:00] EDIT exemplo_validators/controllers/funcionarios.py: 0
[2012-09-30 01:51:44] EDIT exemplo_validators/controllers/funcionarios.py: 0
[2012-09-30 01:52:26] EDIT exemplo_validators/controllers/funcionarios.py: 0
[2012-09-30 01:53:23] EDIT exemplo_validators/controllers/funcionarios.py: 0
[2012-09-30 01:53:27] EDIT exemplo_validators/controllers/funcionarios.py: 0
[2012-09-30 01:54:46] EDIT exemplo_validators/controllers/funcionarios.py: 0
[2012-09-30 01:55:17] EDIT exemplo_validators/controllers/funcionarios.py: 0
[2012-09-30 01:55:42] EDIT exemplo_validators/controllers/funcionarios.py: 0
[2012-09-30 02:04:55] EDIT exemplo_validators/controllers/funcionarios.py: 0
[2012-09-30 02:05:09] EDIT exemplo_validators/controllers/funcionarios.py: 0
[2012-09-30 02:05:34] EDIT exemplo_validators/controllers/funcionarios.py: 0
[2012-09-30 02:09:31] EDIT exemplo_validators/controllers/funcionarios.py: 0
[2012-09-30 02:09:42] EDIT exemplo_validators/models/db.py: 0
[2012-09-30 02:26:04] EDIT exemplo_validators/controllers/funcionarios.py: 0
[2012-09-30 02:29:41] EDIT exemplo_validators/controllers/funcionarios.py: 0
